SF:lib/supa_architecture_method_channel.dart
DA:22,1
DA:25,2
DA:29,1
DA:31,2
DA:34,0
DA:35,0
DA:37,0
DA:41,0
DA:44,0
DA:45,0
DA:46,0
LF:11
LH:4
end_of_record
SF:lib/supa_architecture_platform_interface.dart
DA:22,9
DA:24,9
DA:26,6
DA:31,4
DA:36,0
DA:37,0
DA:41,0
DA:42,0
DA:47,0
DA:50,0
DA:52,0
LF:11
LH:4
end_of_record
SF:lib/api_client/api_client.dart
DA:63,0
DA:64,0
DA:65,0
DA:66,0
DA:90,0
DA:95,0
DA:97,0
DA:100,0
DA:103,0
DA:107,0
DA:110,0
DA:112,0
DA:115,0
DA:116,0
DA:117,0
DA:118,0
DA:137,0
DA:144,0
DA:148,0
DA:155,0
DA:157,0
DA:162,0
DA:168,0
DA:185,0
DA:191,0
DA:196,0
DA:218,0
DA:224,0
DA:227,0
DA:228,0
DA:232,0
DA:233,0
DA:234,0
DA:235,0
DA:236,0
DA:237,0
DA:238,0
DA:244,0
DA:245,0
DA:246,0
DA:248,0
DA:254,0
DA:255,0
DA:256,0
DA:257,0
DA:258,0
DA:259,0
DA:260,0
DA:261,0
DA:267,0
DA:296,0
DA:298,0
DA:300,0
DA:302,0
DA:333,0
DA:338,0
DA:340,0
DA:341,0
DA:351,0
DA:358,0
DA:363,0
DA:364,0
DA:374,0
DA:381,0
DA:386,0
DA:387,0
DA:404,0
DA:413,0
DA:414,0
DA:415,0
DA:416,0
DA:418,0
DA:419,0
DA:438,0
DA:448,0
DA:449,0
DA:450,0
DA:454,0
DA:455,0
DA:457,0
DA:458,0
DA:459,0
DA:463,0
DA:464,0
DA:482,0
DA:491,0
DA:492,0
DA:493,0
DA:494,0
DA:496,0
DA:497,0
DA:517,0
DA:528,0
DA:529,0
DA:530,0
DA:534,0
DA:535,0
DA:537,0
DA:538,0
DA:539,0
DA:543,0
DA:544,0
LF:102
LH:0
end_of_record
SF:lib/api_client/dio_exception.dart
DA:26,0
DA:27,0
DA:33,0
DA:34,0
DA:40,0
DA:41,0
DA:48,0
DA:49,0
LF:8
LH:0
end_of_record
SF:lib/api_client/http_response.dart
DA:15,0
DA:16,0
DA:17,0
DA:28,0
DA:29,0
DA:32,0
DA:33,0
DA:34,0
DA:36,0
DA:43,0
DA:44,0
DA:45,0
DA:46,0
DA:48,0
DA:49,0
DA:51,0
DA:58,0
DA:59,0
DA:60,0
DA:62,0
DA:63,0
DA:64,0
DA:66,0
DA:73,0
DA:74,0
DA:75,0
DA:77,0
DA:78,0
DA:79,0
DA:81,0
DA:88,0
DA:89,0
DA:96,0
DA:97,0
DA:98,0
DA:100,0
DA:101,0
DA:102,0
DA:105,0
DA:109,0
DA:116,0
DA:117,0
DA:118,0
DA:119,0
DA:121,0
LF:45
LH:0
end_of_record
SF:lib/api_client/dio_interceptor.dart
DA:27,0
DA:29,0
DA:30,0
DA:43,0
DA:45,0
LF:5
LH:0
end_of_record
SF:lib/api_client/interceptors/device_info_interceptor.dart
DA:9,0
DA:12,0
DA:15,0
DA:16,0
DA:17,0
DA:18,0
DA:19,0
DA:20,0
DA:24,0
LF:9
LH:0
end_of_record
SF:lib/api_client/interceptors/general_error_log_interceptor.dart
DA:11,0
DA:24,0
DA:27,0
DA:43,0
DA:46,0
DA:47,0
DA:51,0
DA:52,0
DA:55,0
DA:56,0
DA:59,0
DA:60,0
DA:63,0
DA:64,0
DA:67,0
DA:68,0
DA:72,0
DA:73,0
DA:80,0
DA:84,0
DA:85,0
DA:89,0
DA:90,0
DA:91,0
DA:93,0
DA:94,0
DA:95,0
DA:97,0
LF:28
LH:0
end_of_record
SF:lib/api_client/interceptors/language_interceptor.dart
DA:29,0
DA:32,0
DA:33,0
DA:36,0
DA:39,0
DA:41,0
DA:42,0
DA:43,0
DA:44,0
DA:45,0
DA:48,0
DA:49,0
DA:59,0
LF:13
LH:0
end_of_record
SF:lib/api_client/interceptors/refresh_interceptor.dart
DA:19,0
DA:21,0
DA:24,0
DA:26,0
DA:27,0
DA:29,0
DA:37,0
DA:39,0
DA:40,0
DA:41,0
DA:43,0
DA:44,0
DA:47,0
DA:48,0
DA:52,0
DA:59,0
DA:60,0
DA:61,0
DA:65,0
DA:66,0
DA:67,0
LF:21
LH:0
end_of_record
SF:lib/api_client/interceptors/timezone_interceptor.dart
DA:10,0
DA:13,0
DA:14,0
DA:15,0
DA:18,0
DA:22,0
DA:23,0
DA:24,0
DA:27,0
DA:28,0
DA:31,0
DA:32,0
DA:34,0
DA:36,0
LF:14
LH:0
end_of_record
SF:lib/core/secure_storage/secure_storage.dart
DA:9,0
DA:10,0
DA:13,0
DA:14,0
DA:15,0
DA:16,0
DA:18,0
DA:23,0
DA:28,0
DA:31,0
DA:33,0
DA:36,0
DA:40,0
DA:41,0
DA:44,0
DA:46,0
DA:51,0
DA:52,0
DA:54,0
DA:57,0
LF:20
LH:0
end_of_record
SF:lib/json/json_number.dart
DA:37,1
DA:56,1
DA:57,1
DA:79,1
DA:81,1
DA:82,1
DA:85,1
DA:86,2
DA:108,1
DA:110,1
LF:10
LH:10
end_of_record
SF:lib/json/json_list.dart
DA:43,2
DA:44,4
DA:64,1
DA:65,1
DA:92,2
DA:95,0
DA:98,2
DA:99,1
DA:102,2
DA:103,5
DA:104,2
DA:105,1
DA:107,2
DA:128,2
DA:130,8
DA:154,1
DA:155,1
DA:158,4
DA:159,2
DA:161,2
DA:184,1
DA:185,1
DA:186,1
DA:187,0
DA:189,4
DA:190,0
DA:192,2
LF:27
LH:24
end_of_record
SF:lib/json/json_string.dart
DA:36,3
DA:58,2
DA:60,2
DA:83,2
DA:84,2
LF:5
LH:5
end_of_record
SF:lib/json/json_double.dart
DA:40,1
DA:59,1
DA:60,1
DA:85,1
DA:88,1
DA:91,1
DA:92,1
DA:95,1
DA:96,2
DA:99,1
DA:100,2
DA:105,0
DA:107,0
DA:131,1
DA:133,1
LF:15
LH:13
end_of_record
SF:lib/json/json_boolean.dart
DA:35,2
DA:54,1
DA:56,1
DA:76,1
DA:78,1
LF:5
LH:5
end_of_record
SF:lib/json/json_model.dart
DA:105,3
DA:111,3
DA:117,3
DA:123,5
DA:129,5
DA:135,1
DA:136,4
DA:162,2
DA:164,2
DA:165,4
DA:166,2
DA:167,2
DA:168,1
DA:171,2
DA:172,2
DA:173,2
DA:174,2
DA:175,1
DA:178,2
DA:179,2
DA:180,2
DA:181,2
DA:182,1
DA:185,4
DA:186,2
DA:187,1
DA:188,1
DA:189,2
DA:190,1
DA:191,1
DA:192,1
DA:197,4
DA:198,2
DA:199,1
DA:200,1
DA:201,2
DA:202,1
DA:203,1
DA:204,1
DA:209,4
DA:210,2
DA:211,1
DA:212,1
DA:213,2
DA:214,1
DA:215,1
DA:216,1
DA:221,4
DA:222,4
DA:223,6
DA:226,6
DA:227,4
DA:230,6
DA:231,4
DA:234,6
DA:235,4
DA:259,2
DA:261,2
DA:262,4
DA:263,6
DA:264,4
DA:265,4
DA:266,4
DA:270,2
DA:271,2
DA:273,4
DA:293,2
DA:295,4
DA:321,1
DA:322,2
DA:323,2
DA:324,1
DA:327,2
DA:351,1
DA:352,2
DA:353,2
DA:354,1
DA:358,2
LF:78
LH:78
end_of_record
SF:lib/json/json_date.dart
DA:26,1
DA:27,1
DA:30,1
DA:31,1
DA:32,2
DA:33,3
DA:34,5
DA:59,1
DA:60,1
DA:61,1
DA:62,1
DA:99,2
DA:118,1
DA:120,2
DA:142,1
DA:144,1
DA:145,2
DA:148,1
DA:172,1
DA:175,1
DA:178,2
DA:197,1
DA:199,3
LF:23
LH:23
end_of_record
SF:lib/json/json_field.dart
DA:63,2
DA:68,2
DA:73,2
DA:79,2
DA:84,2
DA:113,2
DA:114,2
DA:138,1
DA:141,1
DA:142,0
DA:144,1
DA:145,3
DA:146,3
DA:157,1
DA:158,3
DA:165,3
DA:185,0
DA:186,0
LF:18
LH:15
end_of_record
SF:lib/json/json_integer.dart
DA:37,3
DA:56,2
DA:57,2
DA:77,2
DA:79,2
DA:80,2
DA:83,1
DA:84,2
DA:109,2
DA:111,2
LF:10
LH:10
end_of_record
SF:lib/json/json_object.dart
DA:44,2
DA:63,1
DA:65,1
DA:66,2
DA:68,1
DA:95,1
DA:98,0
DA:101,1
DA:102,1
DA:105,1
DA:106,2
DA:107,1
DA:108,1
DA:129,1
DA:131,2
DA:156,1
DA:157,1
DA:160,3
DA:161,2
DA:162,1
DA:165,0
DA:190,1
DA:191,1
DA:192,1
DA:193,0
DA:195,3
DA:196,2
DA:197,1
DA:201,0
LF:29
LH:25
end_of_record
SF:lib/models/models.dart
DA:32,0
DA:33,0
DA:35,0
DA:36,0
DA:37,0
DA:38,0
DA:39,0
DA:40,0
DA:41,0
DA:42,0
DA:43,0
DA:44,0
DA:45,0
DA:46,0
DA:47,0
DA:48,0
DA:49,0
DA:50,0
DA:51,0
DA:52,0
DA:53,0
DA:54,0
DA:55,0
DA:56,0
DA:57,0
DA:58,0
DA:59,0
LF:27
LH:0
end_of_record
SF:lib/api_client/interceptors/persistent_url_interceptor.dart
DA:27,0
DA:30,0
DA:33,0
DA:36,0
DA:37,0
DA:38,0
DA:39,0
DA:41,0
DA:44,0
LF:9
LH:0
end_of_record
SF:lib/supa_architecture.dart
DA:25,0
DA:26,0
DA:28,0
DA:29,0
DA:31,0
DA:32,0
LF:6
LH:0
end_of_record
SF:lib/repositories/portal_authentication_repository.dart
DA:21,0
DA:22,0
DA:24,0
DA:26,0
DA:29,0
DA:30,0
DA:36,0
DA:37,0
DA:47,0
DA:48,0
DA:49,0
DA:51,0
DA:53,0
DA:60,0
DA:62,0
DA:63,0
DA:66,0
DA:67,0
DA:68,0
DA:69,0
DA:70,0
DA:75,0
DA:76,0
DA:77,0
DA:80,0
DA:81,0
DA:82,0
DA:83,0
DA:84,0
DA:89,0
DA:90,0
DA:91,0
DA:94,0
DA:95,0
DA:96,0
DA:97,0
DA:98,0
DA:107,0
DA:110,0
DA:111,0
DA:113,0
DA:115,0
DA:116,0
DA:124,0
DA:125,0
DA:127,0
DA:128,0
DA:129,0
DA:137,0
DA:138,0
DA:139,0
DA:142,0
DA:156,0
DA:160,0
DA:162,0
DA:167,0
DA:174,0
DA:175,0
DA:186,0
DA:187,0
DA:189,0
DA:192,0
DA:199,0
DA:200,0
DA:201,0
DA:211,0
DA:212,0
DA:214,0
DA:217,0
DA:227,0
DA:228,0
DA:230,0
DA:233,0
DA:240,0
DA:242,0
DA:245,0
DA:248,0
DA:250,0
DA:251,0
DA:261,0
DA:262,0
DA:263,0
DA:264,0
DA:266,0
DA:267,0
DA:268,0
DA:271,0
DA:273,0
DA:274,0
DA:276,0
DA:280,0
DA:288,0
DA:290,0
DA:291,0
DA:294,0
DA:296,0
DA:297,0
DA:298,0
DA:300,0
DA:301,0
DA:302,0
DA:305,0
DA:306,0
DA:307,0
DA:308,0
DA:310,0
DA:314,0
DA:315,0
DA:316,0
DA:326,0
DA:329,0
DA:331,0
DA:343,0
DA:348,0
DA:352,0
LF:115
LH:0
end_of_record
SF:lib/blocs/authentication/authentication_event.dart
DA:8,2
DA:21,2
DA:41,0
DA:65,0
DA:79,0
DA:92,0
DA:112,2
DA:127,0
DA:134,0
DA:141,0
LF:10
LH:3
end_of_record
SF:lib/blocs/authentication/authentication_state.dart
DA:9,2
DA:12,0
DA:15,0
DA:16,0
DA:19,0
DA:22,0
DA:38,0
DA:50,0
DA:68,0
DA:73,0
DA:74,0
DA:75,0
DA:76,0
DA:77,0
DA:78,0
DA:97,0
DA:113,2
LF:17
LH:2
end_of_record
SF:lib/blocs/authentication/authentication_bloc.dart
DA:62,0
DA:66,0
DA:67,0
DA:68,0
DA:78,0
DA:84,0
DA:85,0
DA:88,0
DA:89,0
DA:90,0
DA:91,0
DA:92,0
DA:93,0
DA:94,0
DA:95,0
DA:96,0
DA:97,0
DA:98,0
DA:99,0
DA:100,0
DA:101,0
DA:102,0
DA:103,0
DA:106,0
DA:110,0
DA:111,0
DA:112,0
DA:113,0
DA:117,0
DA:121,0
DA:123,0
DA:125,0
DA:129,0
DA:133,0
DA:136,0
DA:140,0
DA:141,0
DA:142,0
DA:146,0
DA:150,0
DA:151,0
DA:152,0
DA:153,0
DA:168,0
DA:169,0
DA:170,0
DA:173,0
DA:174,0
DA:175,0
DA:180,0
DA:183,0
DA:187,0
DA:200,0
DA:201,0
DA:202,0
DA:203,0
DA:207,0
DA:211,0
DA:218,0
DA:223,0
DA:226,0
DA:228,0
DA:231,0
DA:234,0
DA:238,0
DA:239,0
DA:240,0
DA:241,0
DA:243,0
DA:246,0
DA:254,0
DA:259,0
DA:262,0
DA:267,0
DA:268,0
DA:270,0
DA:278,0
DA:283,0
DA:287,0
DA:289,0
DA:290,0
DA:291,0
DA:297,0
DA:298,0
DA:302,0
DA:305,0
DA:306,0
DA:314,0
DA:315,0
DA:317,0
DA:318,0
DA:326,0
DA:331,0
DA:334,0
DA:335,0
DA:337,0
DA:345,0
DA:350,0
DA:354,0
DA:355,0
DA:357,0
DA:365,0
DA:369,0
DA:371,0
DA:374,0
DA:379,0
DA:383,0
DA:384,0
DA:386,0
DA:388,0
DA:391,0
DA:394,0
DA:398,0
DA:399,0
DA:403,0
DA:407,0
DA:409,0
DA:410,0
DA:411,0
DA:413,0
DA:414,0
DA:416,0
DA:417,0
DA:420,0
DA:421,0
DA:431,0
DA:435,0
DA:437,0
DA:438,0
DA:439,0
DA:441,0
DA:442,0
DA:444,0
DA:445,0
DA:448,0
DA:449,0
LF:136
LH:0
end_of_record
SF:lib/extensions/dotenv.dart
DA:10,3
DA:16,0
DA:18,0
DA:20,0
DA:27,0
DA:33,0
DA:39,0
DA:45,0
DA:51,0
DA:57,0
LF:10
LH:1
end_of_record
SF:lib/repositories/portal_profile_repository.dart
DA:11,0
DA:12,0
DA:13,0
DA:16,0
DA:25,0
DA:26,0
DA:27,0
DA:28,0
DA:30,0
DA:32,0
DA:33,0
DA:44,0
DA:45,0
DA:46,0
DA:47,0
DA:48,0
DA:50,0
DA:52,0
DA:53,0
DA:61,0
DA:62,0
DA:64,0
DA:65,0
DA:66,0
DA:80,0
DA:86,0
DA:88,0
DA:94,0
DA:95,0
DA:99,0
DA:100,0
DA:101,0
DA:103,0
DA:105,0
DA:106,0
DA:110,0
DA:111,0
DA:112,0
DA:114,0
DA:116,0
DA:117,0
DA:121,0
DA:122,0
DA:124,0
DA:127,0
DA:128,0
DA:132,0
DA:133,0
DA:135,0
DA:138,0
DA:139,0
DA:143,0
DA:144,0
DA:146,0
DA:149,0
DA:150,0
DA:154,0
DA:155,0
DA:157,0
DA:158,0
DA:159,0
DA:163,0
DA:164,0
DA:166,0
DA:167,0
DA:168,0
DA:172,0
DA:173,0
DA:175,0
DA:176,0
DA:177,0
LF:71
LH:0
end_of_record
SF:lib/widgets/atoms/go_back_button.dart
DA:35,2
DA:37,0
DA:39,0
DA:41,0
DA:42,0
DA:43,0
DA:45,0
DA:46,0
DA:48,0
LF:9
LH:1
end_of_record
SF:lib/blocs/error_handling/error_handling_state.dart
DA:21,0
DA:33,0
LF:2
LH:0
end_of_record
SF:lib/blocs/error_handling/error_handling_bloc.dart
DA:12,0
DA:15,0
DA:23,0
DA:25,0
DA:26,0
DA:27,0
DA:28,0
DA:33,0
DA:34,0
DA:35,0
DA:47,0
DA:48,0
DA:50,0
DA:51,0
DA:54,0
DA:55,0
DA:57,0
DA:58,0
DA:60,0
DA:63,0
DA:67,0
DA:69,0
DA:70,0
LF:23
LH:0
end_of_record
SF:lib/blocs/error_handling/error_handling_event.dart
DA:30,0
LF:1
LH:0
end_of_record
SF:lib/blocs/push_notification/push_notification_state.dart
DA:18,0
DA:26,0
DA:27,0
DA:28,0
DA:29,0
DA:30,0
DA:31,0
DA:36,0
DA:37,0
DA:38,0
DA:39,0
DA:40,0
DA:41,0
DA:46,0
DA:52,0
DA:53,0
DA:54,0
DA:55,0
DA:56,0
DA:60,0
DA:63,0
DA:64,0
DA:65,0
DA:66,0
DA:67,0
DA:70,0
DA:71,0
DA:72,0
DA:73,0
DA:74,0
DA:75,0
DA:76,0
DA:77,0
DA:78,0
DA:79,0
DA:80,0
DA:83,0
DA:85,0
DA:91,2
DA:103,2
DA:105,0
DA:107,0
DA:117,0
DA:122,0
DA:128,0
DA:129,0
DA:139,0
DA:140,0
DA:141,0
DA:142,0
DA:143,0
DA:144,0
DA:148,0
DA:150,0
DA:152,0
DA:163,0
DA:168,0
DA:174,0
DA:175,0
DA:184,0
DA:186,0
DA:188,0
DA:205,0
DA:211,0
DA:213,0
DA:215,0
DA:216,0
DA:217,0
LF:68
LH:2
end_of_record
SF:lib/blocs/push_notification/push_notification_bloc.dart
DA:47,0
DA:48,0
DA:59,0
DA:61,0
DA:63,0
DA:64,0
DA:65,0
DA:66,0
DA:67,0
DA:71,0
DA:74,0
DA:75,0
DA:76,0
DA:77,0
DA:78,0
DA:84,0
DA:85,0
DA:86,0
DA:108,0
DA:112,0
DA:113,0
DA:116,0
DA:117,0
DA:119,0
DA:120,0
DA:127,0
DA:128,0
DA:129,0
DA:139,0
DA:141,0
DA:151,0
DA:176,0
DA:178,0
DA:182,0
DA:184,0
DA:185,0
DA:189,0
DA:191,0
DA:192,0
DA:196,0
DA:197,0
DA:198,0
DA:199,0
DA:200,0
DA:201,0
DA:206,0
DA:207,0
DA:208,0
DA:209,0
DA:210,0
DA:211,0
DA:216,0
DA:217,0
DA:218,0
DA:219,0
DA:230,0
DA:231,0
DA:233,0
DA:234,0
DA:235,0
DA:236,0
DA:237,0
DA:238,0
DA:243,0
DA:245,0
DA:257,0
DA:261,0
DA:263,0
DA:265,0
DA:266,0
DA:267,0
DA:268,0
DA:269,0
DA:275,0
DA:276,0
DA:278,0
DA:282,0
DA:286,0
DA:287,0
DA:288,0
DA:289,0
DA:290,0
DA:294,0
DA:298,0
DA:299,0
DA:300,0
DA:301,0
DA:302,0
DA:306,0
DA:310,0
DA:313,0
DA:318,0
DA:320,0
DA:321,0
DA:322,0
DA:323,0
DA:324,0
DA:328,0
DA:349,0
DA:350,0
DA:352,0
DA:353,0
DA:354,0
DA:355,0
DA:356,0
DA:357,0
DA:358,0
DA:359,0
DA:360,0
DA:361,0
DA:362,0
DA:374,0
DA:377,0
DA:380,0
DA:383,0
LF:115
LH:0
end_of_record
SF:lib/blocs/push_notification/push_notification_payload.dart
DA:21,0
DA:32,0
DA:34,0
DA:37,0
DA:39,0
DA:41,0
DA:44,0
DA:48,0
DA:49,0
DA:50,0
DA:51,0
DA:57,0
DA:58,0
DA:59,0
DA:60,0
DA:61,0
DA:62,0
LF:17
LH:0
end_of_record
SF:lib/blocs/push_notification/push_notification_event.dart
DA:5,0
DA:6,0
DA:28,0
DA:29,0
DA:31,0
DA:32,0
DA:33,0
DA:34,0
DA:38,0
DA:64,0
DA:65,0
DA:67,0
DA:68,0
DA:69,0
DA:70,0
DA:74,0
DA:87,0
DA:88,0
DA:99,0
DA:100,0
DA:105,0
LF:21
LH:0
end_of_record
SF:lib/blocs/tenant/tenant_state.dart
DA:15,0
DA:17,0
DA:18,0
DA:26,0
DA:28,0
DA:29,0
LF:6
LH:0
end_of_record
SF:lib/blocs/tenant/tenant_bloc.dart
DA:22,0
DA:23,0
DA:24,0
DA:25,0
DA:26,0
DA:27,0
DA:31,0
DA:32,0
DA:40,0
DA:42,0
DA:43,0
DA:45,0
DA:47,0
DA:54,0
DA:56,0
DA:57,0
DA:61,0
DA:63,0
DA:67,0
DA:69,0
LF:20
LH:0
end_of_record
SF:lib/blocs/tenant/tenant_event.dart
DA:5,0
DA:7,0
DA:8,0
DA:26,0
DA:28,0
DA:29,0
LF:6
LH:0
end_of_record
SF:lib/core/device_notification_token.dart
DA:33,0
DA:46,0
DA:47,0
DA:48,0
DA:49,0
DA:50,0
DA:51,0
DA:52,0
DA:58,0
DA:59,0
DA:60,0
DA:61,0
DA:62,0
DA:63,0
DA:64,0
DA:65,0
DA:69,0
DA:70,0
DA:71,0
DA:72,0
DA:73,0
DA:74,0
DA:75,0
DA:76,0
LF:24
LH:0
end_of_record
SF:lib/models/user_notification.dart
DA:62,0
DA:63,0
DA:64,0
DA:65,0
DA:66,0
DA:67,0
DA:68,0
DA:69,0
DA:70,0
DA:71,0
DA:72,0
DA:73,0
DA:74,0
DA:75,0
DA:76,0
DA:77,0
DA:78,0
DA:79,0
DA:80,0
DA:81,0
LF:20
LH:0
end_of_record
SF:lib/repositories/utils_notification_repository.dart
DA:16,0
DA:21,0
DA:22,0
DA:23,0
DA:26,0
DA:28,0
DA:29,0
DA:30,0
DA:31,0
DA:43,0
DA:46,0
DA:47,0
DA:49,0
DA:50,0
DA:52,0
DA:53,0
DA:64,0
DA:67,0
DA:68,0
DA:70,0
DA:71,0
DA:73,0
DA:74,0
DA:85,0
DA:86,0
DA:87,0
DA:89,0
DA:91,0
DA:92,0
DA:103,0
DA:105,0
DA:106,0
DA:108,0
DA:110,0
DA:111,0
DA:122,0
DA:123,0
DA:124,0
DA:126,0
DA:128,0
DA:129,0
DA:140,0
DA:141,0
DA:142,0
DA:144,0
DA:146,0
DA:147,0
DA:158,0
DA:159,0
DA:160,0
DA:162,0
DA:164,0
DA:165,0
DA:173,0
DA:174,0
DA:176,0
DA:177,0
DA:178,0
LF:58
LH:0
end_of_record
SF:lib/models/tenant.dart
DA:12,1
DA:13,1
DA:14,1
DA:15,1
DA:16,1
DA:17,1
DA:18,1
DA:19,1
DA:20,1
DA:21,1
DA:22,1
DA:23,1
DA:24,1
DA:25,1
LF:14
LH:14
end_of_record
SF:lib/core/app_token.dart
DA:27,0
DA:36,0
DA:38,0
DA:39,0
DA:40,0
DA:42,0
DA:43,0
DA:44,0
DA:46,0
DA:47,0
DA:48,0
DA:49,0
DA:52,0
DA:53,0
DA:54,0
DA:55,0
LF:16
LH:0
end_of_record
SF:lib/core/cookie_manager/hive_cookie_manager.dart
DA:21,1
DA:23,1
DA:28,1
DA:29,2
DA:32,2
DA:33,1
DA:34,2
DA:42,1
DA:44,0
DA:48,0
DA:49,0
DA:50,0
DA:51,0
DA:52,0
DA:54,0
DA:55,0
DA:56,0
DA:57,0
DA:59,0
DA:61,0
DA:62,0
DA:63,0
DA:65,0
DA:68,0
DA:69,0
DA:72,0
DA:73,0
DA:74,0
DA:77,0
DA:78,0
DA:79,0
DA:80,0
DA:81,0
DA:84,0
DA:87,0
DA:91,0
DA:96,1
DA:98,1
DA:100,3
DA:101,1
DA:102,1
DA:103,5
DA:104,1
DA:106,0
DA:113,1
DA:115,1
DA:117,1
DA:119,3
DA:120,1
DA:124,2
DA:126,2
DA:127,3
DA:131,2
DA:136,1
DA:138,1
DA:139,3
DA:140,1
DA:142,1
DA:146,1
DA:153,0
DA:154,0
DA:155,0
DA:166,0
DA:170,0
DA:175,0
DA:180,0
DA:184,0
DA:185,0
DA:192,0
DA:195,0
DA:196,0
DA:197,0
DA:201,0
DA:202,0
DA:204,0
DA:209,0
DA:213,0
DA:214,0
DA:216,0
DA:219,0
DA:223,0
DA:227,0
DA:229,0
DA:230,0
DA:231,0
DA:233,0
DA:234,0
DA:237,0
DA:249,0
DA:250,0
DA:251,0
DA:257,0
DA:260,0
DA:261,0
DA:262,0
DA:266,0
DA:267,0
DA:269,0
DA:274,0
DA:279,0
DA:280,0
DA:285,1
DA:287,1
DA:288,2
DA:292,1
DA:294,2
DA:303,1
DA:306,1
DA:307,1
DA:310,2
DA:314,1
DA:315,1
DA:316,1
DA:317,3
DA:319,1
LF:115
LH:44
end_of_record
SF:lib/core/encryption/hive_encryption_manager.dart
DA:11,9
DA:13,3
DA:14,6
DA:15,6
DA:18,3
DA:21,6
DA:22,3
DA:23,3
DA:26,3
DA:27,3
DA:28,6
DA:33,3
DA:37,3
DA:40,3
DA:43,3
DA:44,6
DA:47,3
DA:48,3
DA:49,3
DA:50,3
DA:53,3
DA:55,6
DA:56,3
DA:57,3
DA:64,3
DA:69,3
DA:70,3
DA:74,9
DA:76,6
DA:78,6
DA:80,3
DA:81,0
DA:82,0
DA:87,3
DA:88,6
DA:89,3
DA:91,3
DA:96,3
DA:97,6
DA:100,3
DA:101,6
DA:104,6
DA:105,9
DA:108,3
DA:110,3
DA:112,3
DA:113,6
DA:114,9
DA:117,6
DA:119,3
DA:120,1
DA:121,1
DA:126,1
DA:131,2
DA:133,3
DA:135,0
DA:139,3
DA:140,3
DA:141,3
DA:144,3
DA:149,6
DA:150,6
DA:154,3
DA:155,6
DA:163,0
DA:165,0
DA:167,0
DA:168,0
LF:68
LH:61
end_of_record
SF:lib/core/device_info.dart
DA:26,0
DA:36,0
DA:37,0
DA:40,0
DA:41,0
DA:42,0
DA:43,0
DA:45,0
DA:49,0
DA:50,0
DA:51,0
DA:52,0
DA:53,0
DA:55,0
DA:56,0
DA:57,0
DA:59,0
DA:60,0
DA:61,0
DA:62,0
DA:63,0
DA:65,0
DA:66,0
DA:67,0
DA:69,0
DA:70,0
DA:71,0
DA:72,0
DA:75,0
DA:79,0
DA:80,0
DA:81,0
DA:82,0
DA:86,0
DA:90,0
DA:91,0
DA:92,0
DA:93,0
DA:94,0
DA:96,0
DA:101,0
LF:41
LH:0
end_of_record
SF:lib/core/persistent_storage/hive_persistent_storage.dart
DA:25,1
DA:27,1
DA:30,2
DA:34,2
DA:38,2
DA:44,2
DA:45,1
DA:46,3
DA:47,3
DA:51,2
DA:52,1
DA:54,0
DA:56,0
DA:62,1
DA:64,2
DA:68,1
DA:69,2
DA:72,1
DA:73,2
DA:76,1
DA:77,2
DA:80,1
DA:82,2
DA:83,2
DA:87,1
DA:89,2
DA:93,1
DA:95,2
DA:96,1
DA:98,3
DA:101,3
DA:109,1
DA:111,3
DA:115,1
DA:116,2
DA:119,1
DA:121,2
DA:122,1
DA:124,3
DA:126,3
DA:134,1
DA:136,3
DA:140,1
DA:141,2
DA:149,0
DA:151,0
DA:153,0
DA:154,0
LF:48
LH:42
end_of_record
SF:lib/core/secure_authentication_info.dart
DA:20,0
LF:1
LH:0
end_of_record
SF:lib/core/sub_app.dart
DA:22,0
DA:25,0
DA:26,0
DA:27,0
DA:30,0
DA:31,0
DA:33,0
DA:36,0
LF:8
LH:0
end_of_record
SF:lib/core/tenant_authentication.dart
DA:18,0
LF:1
LH:0
end_of_record
SF:lib/exceptions/exceptions.dart
DA:14,0
DA:23,0
DA:24,0
DA:25,0
DA:26,0
DA:27,0
DA:29,0
DA:30,0
DA:34,0
DA:35,0
DA:36,0
DA:38,0
DA:39,0
DA:44,0
DA:49,0
DA:61,0
DA:70,0
DA:79,0
DA:88,0
DA:97,0
LF:20
LH:0
end_of_record
SF:lib/extensions/color.dart
DA:5,1
DA:6,1
DA:7,5
DA:8,2
DA:9,3
DA:13,0
DA:14,0
DA:15,0
DA:16,0
DA:17,0
DA:21,0
DA:22,0
LF:12
LH:5
end_of_record
SF:lib/extensions/datetime.dart
DA:6,0
DA:7,0
DA:10,0
DA:11,0
DA:14,0
DA:15,0
DA:18,0
DA:19,0
DA:22,0
DA:23,0
DA:26,0
DA:27,0
DA:30,0
DA:31,0
DA:34,0
DA:35,0
DA:36,0
DA:39,0
DA:40,0
DA:44,0
DA:45,0
DA:49,0
DA:50,0
DA:51,0
DA:52,0
DA:53,0
DA:57,0
DA:61,0
DA:63,0
DA:64,0
DA:65,0
DA:66,0
DA:70,0
DA:71,0
DA:81,1
DA:84,3
DA:87,0
DA:88,0
DA:94,0
DA:95,0
DA:104,0
DA:105,0
DA:106,0
DA:107,0
DA:108,0
LF:45
LH:2
end_of_record
SF:lib/extensions/infinite_scroll_pagination.dart
DA:6,0
DA:7,0
DA:8,0
DA:10,0
DA:14,0
DA:15,0
DA:16,0
DA:22,0
DA:23,0
DA:24,0
DA:27,0
DA:30,0
DA:31,0
DA:34,0
LF:14
LH:0
end_of_record
SF:lib/extensions/list.dart
DA:2,0
DA:4,0
DA:5,0
DA:6,0
DA:9,0
DA:12,0
LF:6
LH:0
end_of_record
SF:lib/extensions/money.dart
DA:4,0
DA:10,0
DA:12,0
DA:13,0
DA:14,0
DA:15,0
DA:17,0
DA:18,0
DA:20,0
DA:23,0
DA:24,0
DA:26,0
DA:27,0
DA:29,0
DA:31,0
DA:32,0
DA:33,0
DA:34,0
DA:42,0
DA:48,0
DA:50,0
DA:51,0
DA:52,0
DA:53,0
DA:55,0
DA:56,0
DA:58,0
LF:27
LH:0
end_of_record
SF:lib/extensions/number.dart
DA:2,0
DA:3,0
DA:8,0
DA:9,0
DA:12,0
DA:14,0
DA:15,0
DA:16,0
DA:18,0
DA:19,0
DA:25,0
DA:26,0
LF:12
LH:0
end_of_record
SF:lib/extensions/string.dart
DA:2,0
DA:23,0
DA:24,0
DA:25,0
DA:30,0
DA:33,0
DA:36,0
LF:7
LH:0
end_of_record
SF:lib/extensions/supa_route.dart
DA:9,0
DA:10,0
DA:11,0
DA:12,0
DA:14,0
DA:19,0
LF:6
LH:0
end_of_record
SF:lib/filters/image_filter.dart
DA:4,0
DA:5,0
LF:2
LH:0
end_of_record
SF:lib/filters/discussion_filter.dart
DA:4,0
DA:5,0
DA:6,0
DA:7,0
DA:8,0
DA:9,0
DA:10,0
DA:11,0
DA:12,0
DA:13,0
DA:14,0
DA:15,0
DA:16,0
DA:17,0
DA:18,0
LF:15
LH:0
end_of_record
SF:lib/filters/double_filter.dart
DA:12,0
LF:1
LH:0
end_of_record
SF:lib/filters/guid_filter.dart
DA:12,0
LF:1
LH:0
end_of_record
SF:lib/filters/number_filter.dart
DA:12,0
LF:1
LH:0
end_of_record
SF:lib/filters/user_notification_filter.dart
DA:12,0
DA:13,0
DA:14,0
DA:15,0
DA:25,0
DA:27,0
DA:28,0
LF:7
LH:0
end_of_record
SF:lib/filters/filter_field.dart
DA:64,0
DA:67,0
DA:69,0
LF:3
LH:0
end_of_record
SF:lib/filters/date_filter.dart
DA:9,0
DA:12,0
DA:14,0
DA:15,0
DA:16,0
DA:18,0
DA:19,0
DA:21,0
DA:22,0
DA:23,0
DA:25,0
DA:26,0
DA:28,0
DA:29,0
DA:31,0
DA:32,0
DA:38,0
DA:40,0
DA:44,0
DA:45,0
DA:47,0
DA:48,0
DA:50,0
DA:51,0
DA:53,0
DA:54,0
DA:56,0
DA:57,0
DA:59,0
DA:60,0
LF:30
LH:0
end_of_record
SF:lib/filters/id_filter.dart
DA:16,0
LF:1
LH:0
end_of_record
SF:lib/filters/enum_model_filter.dart
DA:4,0
DA:5,0
LF:2
LH:0
end_of_record
SF:lib/filters/period_filter.dart
DA:4,0
DA:5,0
DA:6,0
DA:7,0
LF:4
LH:0
end_of_record
SF:lib/filters/global_user_filter.dart
DA:4,0
DA:5,0
DA:6,0
DA:7,0
DA:8,0
DA:9,0
DA:10,0
DA:11,0
DA:12,0
DA:13,0
DA:14,0
DA:15,0
LF:12
LH:0
end_of_record
SF:lib/filters/abstract_id_filter.dart
DA:19,0
DA:21,0
DA:23,0
DA:26,0
DA:27,0
DA:29,0
DA:30,0
DA:32,0
DA:33,0
DA:35,0
DA:36,0
DA:40,0
DA:42,0
DA:43,0
DA:44,0
DA:46,0
DA:47,0
DA:49,0
DA:50,0
DA:52,0
DA:53,0
LF:21
LH:0
end_of_record
SF:lib/filters/string_filter.dart
DA:30,0
DA:33,0
DA:35,0
DA:38,0
DA:39,0
DA:41,0
DA:42,0
DA:44,0
DA:45,0
DA:47,0
DA:48,0
DA:50,0
DA:51,0
DA:53,0
DA:54,0
DA:56,0
DA:57,0
DA:62,0
DA:64,0
DA:65,0
DA:66,0
DA:68,0
DA:69,0
DA:71,0
DA:72,0
DA:74,0
DA:75,0
DA:77,0
DA:78,0
DA:80,0
DA:81,0
DA:83,0
DA:84,0
DA:86,0
DA:87,0
LF:35
LH:0
end_of_record
SF:lib/filters/tenant_filter.dart
DA:12,0
DA:13,0
LF:2
LH:0
end_of_record
SF:lib/filters/request_history_filter.dart
DA:6,0
DA:7,0
DA:8,0
DA:11,0
DA:13,0
DA:14,0
DA:18,0
DA:19,0
LF:8
LH:0
end_of_record
SF:lib/filters/sub_system_filter.dart
DA:4,0
DA:5,0
DA:6,0
DA:7,0
DA:8,0
LF:5
LH:0
end_of_record
SF:lib/filters/abstract_number_filter.dart
DA:27,0
DA:30,0
DA:32,0
DA:36,0
DA:37,0
DA:39,0
DA:40,0
DA:42,0
DA:43,0
DA:45,0
DA:46,0
DA:48,0
DA:49,0
DA:51,0
DA:52,0
DA:57,0
DA:59,0
DA:60,0
DA:61,0
DA:63,0
DA:64,0
DA:66,0
DA:67,0
DA:69,0
DA:70,0
DA:72,0
DA:73,0
DA:75,0
DA:76,0
LF:29
LH:0
end_of_record
SF:lib/filters/app_user_filter.dart
DA:8,0
DA:9,0
LF:2
LH:0
end_of_record
SF:lib/filters/file_filter.dart
DA:8,0
DA:9,0
LF:2
LH:0
end_of_record
SF:lib/filters/int_filter.dart
DA:12,0
LF:1
LH:0
end_of_record
SF:lib/filters/filters.dart
DA:115,0
DA:117,0
DA:118,0
DA:119,0
DA:120,0
DA:121,0
DA:123,0
DA:124,0
DA:126,0
DA:127,0
DA:129,0
DA:130,0
DA:132,0
DA:133,0
DA:142,0
DA:144,0
DA:145,0
DA:146,0
DA:148,0
DA:149,0
DA:151,0
DA:152,0
DA:154,0
DA:155,0
DA:157,0
DA:158,0
DA:160,0
DA:161,0
DA:164,0
DA:165,0
DA:166,0
DA:173,0
DA:175,0
DA:182,0
DA:183,0
LF:35
LH:0
end_of_record
SF:lib/filters/date_filter_mixin.dart
DA:10,0
DA:11,0
DA:12,0
LF:3
LH:0
end_of_record
SF:lib/forms/change_password_form.dart
DA:61,0
DA:63,0
DA:64,0
DA:66,0
DA:67,0
DA:70,0
DA:72,0
DA:73,0
DA:74,0
DA:77,0
DA:79,0
DA:80,0
DA:81,0
DA:84,0
DA:86,0
DA:87,0
DA:88,0
DA:89,0
DA:93,0
DA:94,0
DA:104,0
DA:105,0
DA:115,0
DA:116,0
DA:126,0
DA:127,0
DA:136,0
LF:27
LH:0
end_of_record
SF:lib/forms/forgot_password_form.dart
DA:22,0
DA:23,0
DA:24,0
DA:26,0
DA:27,0
DA:28,0
DA:40,0
LF:7
LH:0
end_of_record
SF:lib/forms/login_form.dart
DA:23,0
DA:24,0
DA:25,0
DA:27,0
DA:28,0
DA:31,0
DA:33,0
DA:34,0
DA:43,0
DA:44,0
DA:50,0
DA:51,0
LF:12
LH:0
end_of_record
SF:lib/forms/reset_password_form.dart
DA:35,0
DA:37,0
DA:38,0
DA:39,0
DA:41,0
DA:42,0
DA:45,0
DA:47,0
DA:48,0
DA:51,0
DA:53,0
DA:54,0
DA:55,0
DA:56,0
DA:61,0
DA:62,0
DA:73,0
DA:74,0
DA:81,0
DA:82,0
DA:89,0
LF:21
LH:0
end_of_record
SF:lib/models/enum_model.dart
DA:9,0
DA:10,0
DA:11,0
DA:12,0
DA:13,0
DA:14,0
DA:15,0
LF:7
LH:0
end_of_record
SF:lib/models/app_user.dart
DA:14,0
DA:17,1
DA:18,1
DA:19,1
DA:20,1
DA:21,1
DA:22,1
DA:23,1
DA:24,1
DA:25,1
DA:26,1
DA:27,1
DA:28,1
DA:29,1
DA:30,1
DA:31,1
DA:32,1
DA:33,1
DA:34,1
DA:84,1
DA:86,1
DA:87,1
DA:88,1
DA:89,0
DA:90,0
DA:91,0
DA:92,0
LF:27
LH:22
end_of_record
SF:lib/models/app_user_preferences.dart
DA:5,2
DA:6,1
DA:7,1
DA:8,1
DA:9,1
DA:10,1
DA:11,1
DA:12,1
DA:13,1
DA:14,1
DA:15,1
DA:16,1
DA:17,1
DA:18,1
DA:19,1
LF:15
LH:15
end_of_record
SF:lib/models/app_user_sub_system_mapping.dart
DA:20,0
DA:21,0
DA:22,0
DA:23,0
DA:24,0
DA:25,0
DA:26,0
DA:27,0
DA:28,0
LF:9
LH:0
end_of_record
SF:lib/models/current_tenant.dart
DA:6,1
DA:7,1
DA:8,1
DA:9,1
LF:4
LH:4
end_of_record
SF:lib/models/app_user_group.dart
DA:4,0
DA:5,0
DA:6,0
DA:7,0
DA:8,0
DA:9,0
DA:10,0
DA:11,0
DA:12,0
DA:13,0
DA:14,0
DA:15,0
DA:16,0
DA:17,0
DA:18,0
DA:19,0
LF:16
LH:0
end_of_record
SF:lib/models/app_user_group_filter.dart
DA:4,0
DA:5,0
DA:6,0
DA:7,0
DA:8,0
DA:9,0
DA:10,0
DA:11,0
DA:12,0
DA:13,0
DA:14,0
LF:11
LH:0
end_of_record
SF:lib/models/app_user_info.dart
DA:5,0
DA:6,0
DA:7,0
DA:8,0
DA:9,0
DA:10,0
DA:11,0
DA:12,0
DA:13,0
DA:14,0
DA:15,0
DA:16,0
DA:17,0
DA:18,0
DA:19,0
DA:20,0
DA:21,0
DA:22,0
DA:23,0
DA:24,0
DA:63,0
DA:64,0
DA:65,0
DA:66,0
DA:67,0
DA:68,0
DA:69,0
DA:70,0
DA:71,0
DA:72,0
DA:73,0
DA:74,0
DA:75,0
DA:76,0
DA:77,0
DA:78,0
DA:79,0
DA:80,0
DA:81,0
DA:82,0
DA:83,0
DA:84,0
DA:85,0
DA:86,0
DA:87,0
DA:88,0
DA:89,0
DA:90,0
DA:91,0
DA:92,0
LF:50
LH:0
end_of_record
SF:lib/models/sub_system.dart
DA:10,0
DA:11,0
DA:12,0
DA:13,0
DA:14,0
LF:5
LH:0
end_of_record
SF:lib/models/attachment.dart
DA:76,0
DA:77,0
DA:78,0
DA:79,0
DA:80,0
DA:81,0
DA:82,0
DA:83,0
DA:84,0
DA:85,0
DA:86,0
DA:87,0
DA:88,0
DA:89,0
DA:92,0
DA:93,0
DA:94,0
DA:95,0
DA:96,0
DA:97,0
DA:100,0
DA:104,0
DA:106,0
DA:108,0
DA:109,0
DA:110,0
LF:26
LH:0
end_of_record
SF:lib/models/file.dart
DA:10,0
DA:11,0
DA:12,0
DA:13,0
DA:14,0
DA:15,0
DA:16,0
DA:17,0
DA:18,0
DA:19,0
DA:20,0
DA:21,0
DA:22,0
LF:13
LH:0
end_of_record
SF:lib/models/comment_reaction.dart
DA:6,0
DA:7,0
DA:8,0
DA:9,0
DA:10,0
DA:11,0
DA:12,0
LF:7
LH:0
end_of_record
SF:lib/models/discussion.dart
DA:6,0
DA:7,0
DA:8,0
DA:9,0
DA:10,0
DA:11,0
DA:12,0
DA:13,0
DA:14,0
DA:15,0
DA:16,0
DA:17,0
DA:18,0
DA:19,0
DA:20,0
DA:21,0
DA:22,0
DA:23,0
DA:24,0
DA:25,0
DA:26,0
DA:27,0
DA:28,0
DA:29,0
DA:30,0
DA:31,0
DA:32,0
DA:33,0
DA:34,0
LF:29
LH:0
end_of_record
SF:lib/models/forgot_password_dto.dart
DA:25,0
DA:26,0
DA:27,0
DA:28,0
DA:29,0
DA:30,0
LF:6
LH:0
end_of_record
SF:lib/models/global_user.dart
DA:4,0
DA:5,0
DA:6,0
DA:7,0
DA:8,0
DA:9,0
DA:10,0
DA:11,0
DA:12,0
DA:13,0
DA:14,0
DA:15,0
DA:16,0
DA:17,0
DA:18,0
DA:19,0
LF:16
LH:0
end_of_record
SF:lib/models/latest_comment.dart
DA:6,0
DA:7,0
DA:8,0
DA:9,0
DA:10,0
DA:11,0
DA:12,0
DA:13,0
DA:14,0
DA:15,0
DA:16,0
DA:17,0
DA:18,0
DA:19,0
DA:20,0
DA:21,0
DA:22,0
DA:23,0
LF:18
LH:0
end_of_record
SF:lib/models/tenant_sub_system_mapping.dart
DA:14,0
DA:15,0
DA:16,0
DA:17,0
DA:18,0
DA:19,0
LF:6
LH:0
end_of_record
SF:lib/models/period.dart
DA:4,0
DA:5,0
DA:6,0
DA:7,0
DA:8,0
DA:9,0
DA:10,0
DA:11,0
DA:12,0
DA:13,0
DA:14,0
DA:15,0
DA:16,0
DA:17,0
DA:18,0
DA:19,0
DA:20,0
DA:21,0
DA:22,0
DA:23,0
DA:24,0
DA:25,0
DA:26,0
DA:27,0
DA:28,0
DA:29,0
DA:30,0
DA:31,0
DA:32,0
DA:33,0
DA:34,0
DA:35,0
DA:36,0
DA:37,0
DA:38,0
DA:39,0
DA:40,0
LF:37
LH:0
end_of_record
SF:lib/models/request_history.dart
DA:4,0
DA:5,0
DA:6,0
DA:7,0
DA:8,0
DA:9,0
DA:10,0
DA:11,0
DA:12,0
DA:13,0
DA:14,0
DA:15,0
LF:12
LH:0
end_of_record
SF:lib/models/requisition_entity.dart
DA:6,0
DA:7,0
DA:8,0
DA:9,0
DA:10,0
DA:11,0
LF:6
LH:0
end_of_record
SF:lib/providers/dio_image_provider.dart
DA:66,0
DA:69,0
DA:71,0
DA:72,0
DA:75,0
DA:76,0
DA:77,0
DA:84,0
DA:86,0
DA:100,0
DA:105,0
DA:131,0
DA:137,0
DA:138,0
DA:139,0
DA:143,0
DA:144,0
DA:148,0
DA:149,0
DA:150,0
DA:151,0
DA:153,0
DA:156,0
DA:157,0
DA:161,0
DA:162,0
DA:165,0
DA:166,0
DA:167,0
DA:169,0
DA:178,0
DA:181,0
DA:184,0
DA:185,0
DA:192,0
DA:193,0
DA:198,0
DA:200,0
DA:201,0
LF:39
LH:0
end_of_record
SF:lib/repositories/base_repository.dart
DA:14,0
DA:28,0
DA:29,0
DA:30,0
DA:32,0
DA:34,0
DA:35,0
DA:46,0
DA:47,0
DA:48,0
DA:50,0
DA:52,0
DA:53,0
DA:64,0
DA:65,0
DA:67,0
DA:70,0
DA:71,0
DA:82,0
DA:83,0
DA:84,0
DA:86,0
DA:88,0
DA:89,0
DA:100,0
DA:101,0
DA:102,0
DA:104,0
DA:106,0
DA:107,0
DA:118,0
DA:119,0
DA:120,0
DA:122,0
DA:124,0
DA:125,0
DA:136,0
DA:137,0
DA:139,0
DA:142,0
DA:143,0
DA:154,0
DA:155,0
DA:156,0
DA:158,0
DA:160,0
DA:161,0
DA:172,0
DA:173,0
DA:174,0
DA:176,0
DA:178,0
DA:179,0
DA:190,0
DA:191,0
DA:193,0
DA:196,0
DA:197,0
DA:208,0
DA:209,0
DA:211,0
DA:214,0
DA:215,0
LF:63
LH:0
end_of_record
SF:lib/utils/platform_utils.dart
DA:70,0
DA:79,0
DA:80,0
DA:81,0
DA:82,0
DA:83,0
DA:84,0
LF:7
LH:0
end_of_record
SF:lib/repositories/portal_tenant_repository.dart
DA:11,0
DA:12,0
DA:13,0
DA:14,0
DA:23,0
DA:25,0
DA:26,0
DA:28,0
DA:30,0
DA:31,0
DA:42,0
DA:44,0
DA:45,0
DA:47,0
DA:49,0
DA:50,0
LF:16
LH:0
end_of_record
SF:lib/repositories/repositories.dart
DA:10,0
DA:11,0
DA:13,0
DA:14,0
DA:16,0
DA:17,0
DA:19,0
DA:20,0
DA:22,0
DA:23,0
LF:10
LH:0
end_of_record
SF:lib/services/file_handler.dart
DA:30,0
DA:31,0
DA:45,0
DA:46,0
LF:4
LH:0
end_of_record
SF:lib/services/file_handler_io.dart
DA:10,0
DA:11,0
DA:15,0
DA:30,0
DA:31,0
DA:32,0
DA:34,0
DA:39,0
DA:54,0
DA:55,0
LF:10
LH:0
end_of_record
SF:lib/services/file_service.dart
DA:31,0
DA:32,0
DA:33,0
DA:37,0
DA:38,0
DA:39,0
DA:43,0
DA:44,0
DA:48,0
DA:49,0
DA:53,0
DA:54,0
DA:58,0
DA:59,0
DA:65,0
DA:66,0
DA:68,0
DA:73,0
DA:74,0
DA:88,0
DA:89,0
DA:90,0
DA:103,0
DA:104,0
DA:116,0
DA:117,0
DA:139,0
DA:140,0
DA:143,0
DA:146,0
DA:149,0
DA:152,0
DA:155,0
DA:158,0
DA:178,0
DA:187,0
DA:199,0
DA:201,0
DA:202,0
DA:204,0
DA:206,0
DA:207,0
DA:208,0
DA:210,0
DA:215,0
DA:227,0
DA:231,0
DA:232,0
DA:233,0
DA:246,0
DA:247,0
DA:249,0
DA:250,0
DA:251,0
LF:54
LH:0
end_of_record
SF:lib/services/notification_handler.dart
DA:40,0
LF:1
LH:0
end_of_record
SF:lib/services/timezone_service_mobile.dart
DA:13,0
DA:14,0
LF:2
LH:0
end_of_record
SF:lib/theme/supa_extended_color_theme.dart
DA:220,2
DA:276,0
DA:327,0
DA:328,0
DA:329,0
DA:330,0
DA:331,0
DA:333,0
DA:334,0
DA:335,0
DA:336,0
DA:337,0
DA:338,0
DA:339,0
DA:340,0
DA:341,0
DA:342,0
DA:343,0
DA:344,0
DA:345,0
DA:346,0
DA:347,0
DA:348,0
DA:349,0
DA:350,0
DA:352,0
DA:353,0
DA:354,0
DA:355,0
DA:356,0
DA:357,0
DA:358,0
DA:359,0
DA:360,0
DA:361,0
DA:362,0
DA:363,0
DA:364,0
DA:365,0
DA:366,0
DA:367,0
DA:368,0
DA:369,0
DA:370,0
DA:371,0
DA:372,0
DA:373,0
DA:374,0
DA:375,0
DA:376,0
DA:377,0
DA:393,0
DA:398,0
DA:402,0
DA:403,0
DA:405,0
DA:406,0
DA:408,0
DA:409,0
DA:410,0
DA:412,0
DA:413,0
DA:415,0
DA:416,0
DA:417,0
DA:419,0
DA:420,0
DA:422,0
DA:423,0
DA:425,0
DA:426,0
DA:428,0
DA:429,0
DA:430,0
DA:431,0
DA:432,0
DA:433,0
DA:435,0
DA:436,0
DA:438,0
DA:439,0
DA:441,0
DA:442,0
DA:444,0
DA:445,0
DA:446,0
DA:448,0
DA:449,0
DA:451,0
DA:452,0
DA:453,0
DA:455,0
DA:456,0
DA:458,0
DA:460,0
DA:462,0
DA:463,0
DA:465,0
DA:466,0
DA:468,0
DA:469,0
DA:471,0
DA:473,0
DA:475,0
DA:476,0
DA:478,0
DA:479,0
DA:481,0
DA:483,0
DA:484,0
DA:485,0
DA:486,0
DA:488,0
DA:490,0
DA:491,0
DA:492,0
DA:493,0
DA:494,0
DA:496,0
DA:497,0
DA:499,0
DA:501,0
DA:503,0
DA:504,0
DA:506,0
DA:507,0
DA:528,0
DA:530,0
DA:531,0
DA:532,0
DA:533,0
DA:534,0
DA:536,0
DA:537,0
DA:538,0
DA:539,0
DA:540,0
DA:542,0
DA:543,0
DA:544,0
DA:545,0
DA:546,0
DA:548,0
DA:549,0
DA:550,0
DA:551,0
DA:552,0
DA:554,0
DA:555,0
DA:556,0
DA:557,0
DA:558,0
DA:560,0
DA:561,0
DA:562,0
DA:563,0
DA:564,0
DA:566,0
DA:567,0
DA:568,0
DA:569,0
DA:570,0
DA:572,0
DA:573,0
DA:574,0
DA:575,0
DA:576,0
DA:578,0
DA:579,0
DA:580,0
DA:581,0
DA:582,0
DA:584,0
DA:585,0
DA:586,0
DA:587,0
DA:588,0
DA:590,0
DA:591,0
DA:592,0
DA:593,0
DA:594,0
DA:596,0
DA:597,0
DA:598,0
DA:599,0
DA:600,0
DA:602,0
DA:603,0
DA:604,0
DA:605,0
DA:606,0
DA:608,0
DA:609,0
DA:610,0
DA:611,0
DA:612,0
DA:614,0
DA:615,0
DA:616,0
DA:617,0
DA:618,0
DA:620,0
DA:621,0
DA:622,0
DA:623,0
DA:624,0
DA:627,0
DA:649,2
DA:651,2
DA:652,0
DA:653,2
DA:654,0
DA:655,2
DA:656,2
DA:657,1
DA:658,0
DA:659,1
DA:660,0
DA:661,1
DA:662,0
DA:663,1
DA:664,1
DA:665,0
DA:666,0
DA:667,0
DA:668,0
DA:669,0
DA:670,0
DA:671,0
DA:672,0
DA:673,0
DA:674,0
DA:675,0
DA:676,0
DA:677,0
DA:678,0
DA:679,0
DA:680,0
DA:681,0
DA:682,0
DA:683,0
DA:684,0
DA:685,0
DA:686,0
DA:688,0
DA:710,2
DA:712,2
DA:713,0
DA:714,2
DA:715,0
DA:716,2
DA:717,2
DA:718,1
DA:719,0
DA:720,1
DA:721,0
DA:722,1
DA:723,0
DA:724,1
DA:725,0
DA:726,1
DA:727,0
DA:728,0
DA:729,0
DA:730,0
DA:731,0
DA:732,0
DA:733,0
DA:734,0
DA:735,0
DA:736,0
DA:737,0
DA:738,0
DA:739,0
DA:740,0
DA:741,0
DA:742,0
DA:743,0
DA:744,0
DA:745,0
DA:746,0
DA:747,0
DA:748,0
DA:750,0
DA:772,2
DA:774,2
DA:775,0
DA:776,2
DA:777,0
DA:778,2
DA:779,2
DA:780,1
DA:781,0
DA:782,1
DA:783,0
DA:784,1
DA:785,0
DA:786,1
DA:787,0
DA:788,1
DA:789,0
DA:790,0
DA:791,0
DA:792,0
DA:793,0
DA:794,0
DA:795,0
DA:796,0
DA:797,0
DA:798,0
DA:799,0
DA:800,0
DA:801,0
DA:802,0
DA:803,0
DA:804,0
DA:805,0
DA:806,0
DA:807,0
DA:808,0
DA:809,0
DA:810,0
DA:812,0
LF:324
LH:31
end_of_record
SF:lib/theme/supa_extended_color_token_group.dart
DA:33,0
LF:1
LH:0
end_of_record
SF:lib/utils/password_field_mixin.dart
DA:48,0
DA:49,0
LF:2
LH:0
end_of_record
SF:lib/widgets/atoms/app_image.dart
DA:31,0
DA:32,0
DA:34,0
DA:67,0
DA:75,0
DA:78,0
DA:80,0
DA:81,0
DA:82,0
DA:84,0
DA:85,0
LF:11
LH:0
end_of_record
SF:lib/widgets/atoms/carbon_button.dart
DA:37,0
DA:48,0
DA:50,0
DA:51,0
DA:53,0
DA:54,0
DA:55,0
DA:58,0
DA:59,0
DA:60,0
DA:64,0
DA:65,0
DA:66,0
DA:69,0
DA:72,0
DA:75,0
DA:76,0
DA:77,0
DA:78,0
DA:79,0
DA:82,0
DA:83,0
DA:84,0
DA:85,0
DA:86,0
DA:87,0
DA:88,0
DA:89,0
DA:95,0
DA:96,0
DA:104,0
DA:105,0
LF:32
LH:0
end_of_record
SF:lib/widgets/atoms/field_label.dart
DA:23,0
DA:30,0
DA:32,0
DA:33,0
DA:35,0
DA:36,0
DA:37,0
DA:38,0
DA:39,0
DA:42,0
DA:43,0
DA:45,0
DA:46,0
LF:13
LH:0
end_of_record
SF:lib/widgets/atoms/icon_placeholder.dart
DA:28,0
DA:33,0
DA:35,0
DA:36,0
DA:37,0
LF:5
LH:0
end_of_record
SF:lib/widgets/atoms/loading_indicator.dart
DA:37,2
DA:43,0
DA:45,0
DA:46,0
DA:47,0
DA:48,0
DA:49,0
DA:50,0
LF:8
LH:1
end_of_record
SF:lib/widgets/atoms/text_status_badge.dart
DA:44,0
DA:45,0
DA:110,1
DA:123,2
DA:126,4
DA:132,6
DA:134,2
DA:136,2
DA:137,2
DA:138,2
DA:141,4
DA:142,4
DA:143,4
DA:146,2
DA:147,1
DA:149,2
DA:154,2
DA:155,1
DA:157,2
DA:162,2
DA:163,1
DA:165,2
DA:174,1
DA:175,1
DA:176,1
DA:180,0
DA:182,0
DA:183,0
DA:185,2
DA:186,2
DA:191,2
DA:193,2
DA:194,2
DA:195,2
DA:201,2
DA:202,2
DA:204,8
LF:37
LH:32
end_of_record
SF:lib/widgets/molecules/enum_status_badge.dart
DA:40,1
DA:48,1
DA:50,4
DA:51,3
DA:52,0
DA:53,1
DA:59,0
DA:60,0
DA:61,0
DA:67,1
DA:71,1
DA:72,3
LF:12
LH:8
end_of_record
SF:lib/widgets/molecules/social_sign_in_button.dart
DA:31,0
DA:39,0
DA:42,0
DA:45,0
DA:47,0
DA:48,0
DA:49,0
DA:50,0
DA:51,0
DA:52,0
DA:57,0
DA:58,0
DA:60,0
DA:61,0
DA:63,0
DA:65,0
DA:66,0
DA:67,0
DA:70,0
LF:19
LH:0
end_of_record
SF:lib/widgets/organisms/confirmation_dialog.dart
DA:30,0
DA:35,0
DA:95,0
DA:110,0
DA:111,0
DA:114,0
DA:116,0
DA:117,0
DA:118,0
DA:119,0
DA:122,0
DA:123,0
DA:124,0
DA:126,0
DA:129,0
DA:130,0
DA:131,0
DA:132,0
DA:133,0
DA:135,0
DA:138,0
DA:139,0
DA:140,0
DA:142,0
DA:144,0
DA:145,0
DA:146,0
DA:148,0
DA:150,0
DA:151,0
DA:152,0
DA:153,0
DA:157,0
DA:158,0
DA:159,0
DA:160,0
DA:162,0
DA:163,0
DA:164,0
DA:165,0
DA:168,0
DA:170,0
LF:42
LH:0
end_of_record
SF:lib/widgets/organisms/empty_component.dart
DA:33,0
DA:71,2
DA:80,0
DA:82,0
DA:83,0
DA:84,0
DA:87,0
DA:88,0
DA:89,0
DA:90,0
DA:91,0
DA:92,0
DA:95,0
DA:96,0
DA:98,0
DA:101,0
DA:102,0
DA:103,0
DA:105,0
DA:106,0
LF:20
LH:1
end_of_record
SF:lib/widgets/organisms/forbidden_component.dart
DA:27,2
DA:29,0
DA:31,0
DA:32,0
DA:33,0
DA:34,0
DA:35,0
DA:41,0
DA:42,0
DA:43,0
DA:44,0
DA:46,0
LF:12
LH:1
end_of_record
SF:lib/widgets/organisms/searchable_appbar_title.dart
DA:56,0
DA:66,0
DA:68,0
DA:70,0
DA:71,0
DA:73,0
DA:74,0
DA:75,0
DA:76,0
DA:77,0
DA:80,0
DA:81,0
DA:84,0
DA:86,0
DA:87,0
DA:88,0
DA:89,0
LF:17
LH:0
end_of_record
SF:lib/widgets/organisms/section_title.dart
DA:35,0
DA:41,0
DA:43,0
DA:44,0
DA:45,0
DA:51,0
DA:52,0
DA:53,0
DA:54,0
DA:55,0
DA:56,0
LF:11
LH:0
end_of_record
SF:lib/widgets/pages/page_forbidden.dart
DA:20,2
DA:22,0
DA:24,0
DA:25,0
DA:26,0
LF:5
LH:1
end_of_record
SF:lib/widgets/templates/infinite_list_state.dart
DA:82,0
DA:83,0
DA:111,0
DA:122,0
DA:129,0
DA:130,0
DA:133,0
DA:135,0
DA:136,0
DA:143,0
DA:144,0
DA:145,0
DA:146,0
DA:147,0
DA:150,0
DA:152,0
DA:153,0
DA:154,0
DA:155,0
DA:159,0
DA:160,0
DA:164,0
DA:165,0
DA:169,0
DA:170,0
DA:177,0
DA:178,0
DA:179,0
DA:180,0
DA:181,0
DA:183,0
DA:191,0
DA:192,0
DA:193,0
DA:195,0
DA:196,0
DA:197,0
DA:199,0
DA:203,0
DA:204,0
DA:205,0
DA:217,0
DA:218,0
DA:220,0
DA:221,0
DA:222,0
DA:223,0
DA:224,0
DA:225,0
DA:227,0
DA:228,0
DA:229,0
DA:231,0
DA:232,0
DA:236,0
DA:239,0
DA:240,0
DA:242,0
DA:243,0
DA:244,0
DA:245,0
DA:246,0
DA:247,0
DA:257,0
DA:258,0
DA:259,0
DA:266,0
DA:272,0
DA:278,0
DA:280,0
DA:282,0
DA:283,0
DA:287,0
DA:292,0
DA:293,0
DA:294,0
DA:298,0
DA:300,0
DA:301,0
DA:302,0
DA:303,0
DA:304,0
DA:307,0
DA:309,0
DA:310,0
DA:311,0
DA:314,0
DA:315,0
DA:316,0
DA:318,0
DA:319,0
DA:322,0
DA:325,0
DA:326,0
DA:327,0
DA:328,0
DA:329,0
DA:333,0
DA:334,0
DA:335,0
DA:336,0
DA:337,0
DA:338,0
DA:339,0
DA:340,0
DA:341,0
DA:343,0
DA:345,0
DA:346,0
DA:348,0
DA:350,0
DA:359,0
DA:360,0
DA:361,0
DA:362,0
DA:363,0
DA:373,0
DA:380,0
DA:387,0
DA:396,0
DA:405,0
DA:414,0
DA:421,0
DA:427,0
DA:428,0
DA:429,0
DA:430,0
DA:431,0
DA:432,0
DA:434,0
LF:130
LH:0
end_of_record
SF:lib/filters/language_filter.dart
LF:0
LH:0
end_of_record
SF:lib/filters/admin_type_filter.dart
LF:0
LH:0
end_of_record
SF:lib/filters/timezone_filter.dart
LF:0
LH:0
end_of_record
SF:lib/filters/gender_filter.dart
LF:0
LH:0
end_of_record
